C51 COMPILER V9.60.7.0   MAIN                                                              09/28/2024 19:40:33 PAGE 1   


C51 COMPILER V9.60.7.0, COMPILATION OF MODULE MAIN
OBJECT MODULE PLACED IN .\Objects\main.obj
COMPILER INVOKED BY: D:\keil5\C51\BIN\C51.EXE main.c OPTIMIZE(8,SPEED) BROWSE DEBUG OBJECTEXTEND PRINT(.\Listings\main.l
                    -st) TABS(2) OBJECT(.\Objects\main.obj)

line level    source

   1          #include "LCD1602.h"
   2          #include "xpt2046.h"
   3          unsigned int num1,num2,num3;
   4          void main(){
   5   1        LCD_Init();
   6   1        LCD_ShowString(1,1,"AD1");
   7   1        LCD_ShowString(1,5,"NTC1");
   8   1        LCD_ShowString(1,10,"GR1");
   9   1        
  10   1        while(1){
  11   2        num1=xpt2046_ReadByte(0x94);
  12   2        num2=xpt2046_ReadByte(0xD4);
  13   2        num3=xpt2046_ReadByte(0xA4);
  14   2        LCD_ShowNum(2,1,num1,3);
  15   2        LCD_ShowNum(2,5,num2,3);
  16   2        LCD_ShowNum(2,10,num3,3);
  17   2        }
  18   1        
  19   1      }


MODULE INFORMATION:   STATIC OVERLAYABLE
   CODE SIZE        =    113    ----
   CONSTANT SIZE    =     13    ----
   XDATA SIZE       =   ----    ----
   PDATA SIZE       =   ----    ----
   DATA SIZE        =      6    ----
   IDATA SIZE       =   ----    ----
   BIT SIZE         =   ----    ----
END OF MODULE INFORMATION.


C51 COMPILATION COMPLETE.  0 WARNING(S),  0 ERROR(S)
