C51 COMPILER V9.60.7.0   XPT2046                                                           09/28/2024 19:43:13 PAGE 1   


C51 COMPILER V9.60.7.0, COMPILATION OF MODULE XPT2046
OBJECT MODULE PLACED IN .\Objects\xpt2046.obj
COMPILER INVOKED BY: D:\keil5\C51\BIN\C51.EXE xpt2046.c OPTIMIZE(8,SPEED) BROWSE DEBUG OBJECTEXTEND PRINT(.\Listings\xpt
                    -2046.lst) TABS(2) OBJECT(.\Objects\xpt2046.obj)

line level    source

   1          #include "xpt2046.h"
   2          //写数据
   3          void WriteByte(unsigned char commend){
   4   1        unsigned char i=7;
   5   1      //  unsigned char com;
   6   1      //  com=commend;
   7   1        DCLK=0;
   8   1        for(i=0;i<8;i++){
   9   2          DIN=commend>>7;
  10   2          commend=commend<<1;
  11   2          DCLK=1;
  12   2          DCLK=0;
  13   2        }
  14   1      }
  15          //读数据
  16          //unsigned int ReadByte(){
  17          //  unsigned int date;
  18          //  unsigned char i=7;
  19          //  DCLK=0;
  20          //  for(i=11;i>=0;i--){
  21          //    date<<=1;
  22          //    DCLK=1;
  23          //    DCLK=0;
  24          //    date|=DOUT;
  25          ////    DCLK=1;
  26          ////    DCLK=0;
  27          ////    date&(0x0001<<i)|=DOUT;
  28          //  }
  29          //  return date;
  30          //}
  31          //xpt2046读数据
  32          unsigned int  xpt2046_ReadByte(unsigned char commend){
  33   1        unsigned int date=0;
  34   1        unsigned char i=0;
  35   1        CS=1;
  36   1        CS=0;
  37   1        DCLK=0;
  38   1        WriteByte(commend);
  39   1        for(i=0;i<12;i++){
  40   2          date<<=1;
  41   2          DCLK=1;
  42   2          DCLK=0;
  43   2          date|=DOUT;
  44   2        }
  45   1        CS=1;
  46   1        return date>>4;
  47   1      }


MODULE INFORMATION:   STATIC OVERLAYABLE
   CODE SIZE        =     79    ----
   CONSTANT SIZE    =   ----    ----
   XDATA SIZE       =   ----    ----
   PDATA SIZE       =   ----    ----
C51 COMPILER V9.60.7.0   XPT2046                                                           09/28/2024 19:43:13 PAGE 2   

   DATA SIZE        =   ----    ----
   IDATA SIZE       =   ----    ----
   BIT SIZE         =   ----    ----
END OF MODULE INFORMATION.


C51 COMPILATION COMPLETE.  0 WARNING(S),  0 ERROR(S)
