C51 COMPILER V9.60.7.0   BLIGHT                                                            09/27/2024 18:18:27 PAGE 1   


C51 COMPILER V9.60.7.0, COMPILATION OF MODULE BLIGHT
OBJECT MODULE PLACED IN .\Objects\blight.obj
COMPILER INVOKED BY: D:\keil5\C51\BIN\C51.EXE blight.c OPTIMIZE(8,SPEED) BROWSE DEBUG OBJECTEXTEND PRINT(.\Listings\blig
                    -ht.lst) TABS(2) OBJECT(.\Objects\blight.obj)

line level    source

   1          #include "blight.h"
   2          void delay(unsigned int num){
   3   1        while(num--);
   4   1      }
   5          void blight(){
   6   1        unsigned char time=0;
   7   1        unsigned char i=0;
   8   1        for(time=0;time<100;time++){
   9   2          for(i=0;i<20;i++){
  10   3            P2_0=0;
  11   3            delay(time);
  12   3            P2_0=1;
  13   3            delay(100-time);
  14   3          }
  15   2        }
  16   1        for(time=100;time>0;time--){
  17   2          for(i=0;i<20;i++){
  18   3            P2_0=0;
  19   3            delay(time);
  20   3            P2_0=1;
  21   3            delay(100-time);
  22   3          }
  23   2        }
  24   1      }


MODULE INFORMATION:   STATIC OVERLAYABLE
   CODE SIZE        =     62    ----
   CONSTANT SIZE    =   ----    ----
   XDATA SIZE       =   ----    ----
   PDATA SIZE       =   ----    ----
   DATA SIZE        =   ----    ----
   IDATA SIZE       =   ----    ----
   BIT SIZE         =   ----    ----
END OF MODULE INFORMATION.


C51 COMPILATION COMPLETE.  0 WARNING(S),  0 ERROR(S)
