C51 COMPILER V9.60.7.0   MAIN                                                              09/27/2024 18:18:54 PAGE 1   


C51 COMPILER V9.60.7.0, COMPILATION OF MODULE MAIN
OBJECT MODULE PLACED IN .\Objects\main.obj
COMPILER INVOKED BY: D:\keil5\C51\BIN\C51.EXE main.c OPTIMIZE(8,SPEED) BROWSE DEBUG OBJECTEXTEND PRINT(.\Listings\main.l
                    -st) TABS(2) OBJECT(.\Objects\main.obj)

line level    source

   1          //#include "delay.h"
   2          #include "blight.h"
   3          #include <intrins.h>
   4          #include "time0.h"
   5          //#include "rekey.h"
   6          void main(){
   7   1        time0_Init();
   8   1        while(1){
   9   2          blight();
  10   2        }
  11   1      }
  12          void time0() interrupt 1
  13          {
  14   1        unsigned char count=0;
  15   1        TH0=0XFC;
  16   1        TL0=0X18; 
  17   1        count++;
  18   1        if(count>=10){
  19   2        count=0;
  20   2        blight();
  21   2        }
  22   1      }


MODULE INFORMATION:   STATIC OVERLAYABLE
   CODE SIZE        =     83    ----
   CONSTANT SIZE    =   ----    ----
   XDATA SIZE       =   ----    ----
   PDATA SIZE       =   ----    ----
   DATA SIZE        =   ----    ----
   IDATA SIZE       =   ----    ----
   BIT SIZE         =   ----    ----
END OF MODULE INFORMATION.


C51 COMPILATION COMPLETE.  0 WARNING(S),  0 ERROR(S)
