C51 COMPILER V9.60.7.0   MAIN                                                              09/29/2024 16:36:48 PAGE 1   


C51 COMPILER V9.60.7.0, COMPILATION OF MODULE MAIN
OBJECT MODULE PLACED IN .\Objects\main.obj
COMPILER INVOKED BY: D:\keil5\C51\BIN\C51.EXE main.c OPTIMIZE(8,SPEED) BROWSE DEBUG OBJECTEXTEND PRINT(.\Listings\main.l
                    -st) TABS(2) OBJECT(.\Objects\main.obj)

line level    source

   1          #include "time1.h"
   2          #include "time1.h"
   3          #include "out_interrupt.h"
   4          #include "xianshi.h"
   5          #include "smotore.h"
   6          unsigned char ADD,COM;
   7          unsigned char temp,speed;
   8          void main()
   9          {
  10   1        time1_Init();
  11   1        out_Init();
  12   1        while(1){
  13   2        if(out0_getdateflage())
  14   2        {
  15   3          ADD=out0_returnadd();
  16   3          COM=out0_returncom();
  17   3          if(COM==0X16){
  18   4            speed=0;temp=0;
  19   4            xianshi_0(1,0);
  20   4          }
  21   3          if(COM==0x0c){
  22   4          speed=1;temp=20;
  23   4            xianshi_0(1,1);
  24   4          }
  25   3          if(COM==0x18){
  26   4          speed=2;temp=60;
  27   4            xianshi_0(1,2);
  28   4          }
  29   3          if(COM==0x5e){
  30   4          speed=3;temp=100;
  31   4            xianshi_0(1,3);
  32   4          }
  33   3        }
  34   2            
  35   2        }
  36   1      }
  37          void time1() interrupt 3
  38          {
  39   1        unsigned char count,count1;
  40   1        TH1=0xFf;
  41   1        TL1=0Xa4;
  42   1        count++;
  43   1        count%=100;
  44   1        count1++;
  45   1        if(count<temp){
  46   2          smotors_Start();
  47   2        }
  48   1        else{
  49   2          smotors_Stop();
  50   2        }
  51   1        if(count1>=20){
  52   2          count1=0;
  53   2          xianshi_loop();
  54   2        }
C51 COMPILER V9.60.7.0   MAIN                                                              09/29/2024 16:36:48 PAGE 2   

  55   1      }


MODULE INFORMATION:   STATIC OVERLAYABLE
   CODE SIZE        =    197    ----
   CONSTANT SIZE    =   ----    ----
   XDATA SIZE       =   ----    ----
   PDATA SIZE       =   ----    ----
   DATA SIZE        =      4       2
   IDATA SIZE       =   ----    ----
   BIT SIZE         =   ----    ----
END OF MODULE INFORMATION.


C51 COMPILATION COMPLETE.  0 WARNING(S),  0 ERROR(S)
