C51 COMPILER V9.60.7.0   TIME1                                                             09/29/2024 16:15:12 PAGE 1   


C51 COMPILER V9.60.7.0, COMPILATION OF MODULE TIME1
OBJECT MODULE PLACED IN .\Objects\time1.obj
COMPILER INVOKED BY: D:\keil5\C51\BIN\C51.EXE time1.c OPTIMIZE(8,SPEED) BROWSE DEBUG OBJECTEXTEND PRINT(.\Listings\time1
                    -.lst) TABS(2) OBJECT(.\Objects\time1.obj)

line level    source

   1          #include "time0.h"
   2          void time1_Init(){
   3   1        TMOD|=0x01;
   4   1        TH1=0xFC;
   5   1        TL1=0X18;
   6   1        //TF0=0;
   7   1        TR1=1;
   8   1        ET1=1;
   9   1        EA=1;
  10   1        //PT0=1;
  11   1      }


MODULE INFORMATION:   STATIC OVERLAYABLE
   CODE SIZE        =     16    ----
   CONSTANT SIZE    =   ----    ----
   XDATA SIZE       =   ----    ----
   PDATA SIZE       =   ----    ----
   DATA SIZE        =   ----    ----
   IDATA SIZE       =   ----    ----
   BIT SIZE         =   ----    ----
END OF MODULE INFORMATION.


C51 COMPILATION COMPLETE.  0 WARNING(S),  0 ERROR(S)
