C51 COMPILER V9.60.7.0   DELAY                                                             09/28/2024 22:41:09 PAGE 1   


C51 COMPILER V9.60.7.0, COMPILATION OF MODULE DELAY
OBJECT MODULE PLACED IN .\Objects\delay.obj
COMPILER INVOKED BY: D:\keil5\C51\BIN\C51.EXE delay.c OPTIMIZE(8,SPEED) BROWSE DEBUG OBJECTEXTEND PRINT(.\Listings\delay
                    -.lst) TABS(2) OBJECT(.\Objects\delay.obj)

line level    source

   1          #include "delay.h"
   2          void delay560us(void) //@11.0592MHz
   3          {
   4   1        unsigned char data i, j;
   5   1      
   6   1        i = 1;
   7   1        j = 254;
   8   1        do
   9   1        {
  10   2          while (--j);
  11   2        } while (--i);
  12   1      }
  13          void Delay1680us(void)  //@11.0592MHz
  14          {
  15   1        unsigned char data i, j;
  16   1      
  17   1        i = 3;
  18   1        j = 0;
  19   1        do
  20   1        {
  21   2          while (--j);
  22   2        } while (--i);
  23   1      }
  24          void Delay9ms(void) //@11.0592MHz
  25          {
  26   1        unsigned char data i, j;
  27   1      
  28   1        i = 17;
  29   1        j = 31;
  30   1        do
  31   1        {
  32   2          while (--j);
  33   2        } while (--i);
  34   1      }
  35          void Delay4ms(void) //@11.0592MHz
  36          {
  37   1        unsigned char data i, j;
  38   1      
  39   1        i = 8;
  40   1        j = 40;
  41   1        do
  42   1        {
  43   2          while (--j);
  44   2        } while (--i);
  45   1      }
  46          void Delay2ms(void) //@11.0592MHz
  47          {
  48   1        unsigned char data i, j;
  49   1      
  50   1        _nop_();
  51   1        i = 4;
  52   1        j = 146;
  53   1        do
  54   1        {
C51 COMPILER V9.60.7.0   DELAY                                                             09/28/2024 22:41:09 PAGE 2   

  55   2          while (--j);
  56   2        } while (--i);
  57   1      }
  58          void Delay98ms(void)  //@11.0592MHz
  59          {
  60   1        unsigned char data i, j;
  61   1      
  62   1        i = 176;
  63   1        j = 179;
  64   1        do
  65   1        {
  66   2          while (--j);
  67   2        } while (--i);
  68   1      }


MODULE INFORMATION:   STATIC OVERLAYABLE
   CODE SIZE        =     55    ----
   CONSTANT SIZE    =   ----    ----
   XDATA SIZE       =   ----    ----
   PDATA SIZE       =   ----    ----
   DATA SIZE        =   ----    ----
   IDATA SIZE       =   ----    ----
   BIT SIZE         =   ----    ----
END OF MODULE INFORMATION.


C51 COMPILATION COMPLETE.  0 WARNING(S),  0 ERROR(S)
