C51 COMPILER V9.60.7.0   MAIN                                                              09/29/2024 15:50:02 PAGE 1   


C51 COMPILER V9.60.7.0, COMPILATION OF MODULE MAIN
OBJECT MODULE PLACED IN .\Objects\main.obj
COMPILER INVOKED BY: D:\keil5\C51\BIN\C51.EXE main.c OPTIMIZE(8,SPEED) BROWSE DEBUG OBJECTEXTEND PRINT(.\Listings\main.l
                    -st) TABS(2) OBJECT(.\Objects\main.obj)

line level    source

   1          #include "LCD1602.h"
   2          #include "delay.h"
   3          #include "out_interrupt.h"
   4          #include "time0.h"
   5          #include <intrins.h>
   6          
   7          unsigned char num;
   8          unsigned char ADD,COM;
   9          void main()
  10          {
  11   1        out_Init();
  12   1        LCD_Init();
  13   1        time0_Init();
  14   1        LCD_ShowString(1,1,"add");
  15   1        LCD_ShowString(1,5,"com");
  16   1        LCD_ShowString(1,10,"num");
  17   1        LCD_ShowNum(2,1,ADD,3);
  18   1        LCD_ShowHexNum(2,5,COM,3);
  19   1        LCD_ShowNum(2,10,num,3);
  20   1        while(1){
  21   2          if(out0_getdateflage()||out0_getrepeatflage()){
  22   3              P2=0;
  23   3        ADD=out0_returnadd();
  24   3        COM=out0_returncom();
  25   3            if(COM==0x09)
  26   3            {
  27   4            num++;
  28   4            }
  29   3            if(COM==0x15){
  30   4            num--;
  31   4              }
  32   3        LCD_ShowHexNum(2,1,ADD,3);
  33   3        LCD_ShowHexNum(2,5,COM,3);
  34   3        LCD_ShowNum(2,10,num,3);
  35   3        }
  36   2      }
  37   1      }


MODULE INFORMATION:   STATIC OVERLAYABLE
   CODE SIZE        =    179    ----
   CONSTANT SIZE    =     12    ----
   XDATA SIZE       =   ----    ----
   PDATA SIZE       =   ----    ----
   DATA SIZE        =      3    ----
   IDATA SIZE       =   ----    ----
   BIT SIZE         =   ----    ----
END OF MODULE INFORMATION.


C51 COMPILATION COMPLETE.  0 WARNING(S),  0 ERROR(S)
