C51 COMPILER V9.60.7.0   DELAY                                                             10/06/2024 10:48:48 PAGE 1   


C51 COMPILER V9.60.7.0, COMPILATION OF MODULE DELAY
OBJECT MODULE PLACED IN .\Objects\delay.obj
COMPILER INVOKED BY: D:\keil5\C51\BIN\C51.EXE delay.c OPTIMIZE(8,SPEED) BROWSE DEBUG OBJECTEXTEND PRINT(.\Listings\delay
                    -.lst) OBJECT(.\Objects\delay.obj)

line level    source

   1          #include "delay.h"
   2          void delay(unsigned int num){
   3   1              unsigned char  i, j;
   4   1      
   5   1              while(num--){
   6   2              i = 2;
   7   2              j = 199;
   8   2              do
   9   2              {
  10   3                      while (--j);
  11   3              } while (--i);
  12   2      }
  13   1      }


MODULE INFORMATION:   STATIC OVERLAYABLE
   CODE SIZE        =     21    ----
   CONSTANT SIZE    =   ----    ----
   XDATA SIZE       =   ----    ----
   PDATA SIZE       =   ----    ----
   DATA SIZE        =   ----    ----
   IDATA SIZE       =   ----    ----
   BIT SIZE         =   ----    ----
END OF MODULE INFORMATION.


C51 COMPILATION COMPLETE.  0 WARNING(S),  0 ERROR(S)
