C51 COMPILER V9.60.7.0   MAIN                                                              10/06/2024 12:03:06 PAGE 1   


C51 COMPILER V9.60.7.0, COMPILATION OF MODULE MAIN
OBJECT MODULE PLACED IN .\Objects\main.obj
COMPILER INVOKED BY: D:\keil5\C51\BIN\C51.EXE main.c OPTIMIZE(8,SPEED) BROWSE DEBUG OBJECTEXTEND PRINT(.\Listings\main.l
                    -st) OBJECT(.\Objects\main.obj)

line level    source

   1          #include "delay.h"
   2          #include "xianshi.h"
   3          #include "smotore.h"
   4          #include "time0.h"
   5          unsigned int count;
   6          unsigned char temp,speed;
   7          void main(){
   8   1              uart_Init();
   9   1              time0_Init();
  10   1              while(1){
  11   2                      xianshi_0(1,temp);
  12   2                      if(temp==0){
  13   3                              speed=0;
  14   3                      }
  15   2                      if(temp==1){
  16   3                              speed=20;
  17   3                      }
  18   2                      if(temp==2){
  19   3                              speed=50;
  20   3                      }
  21   2                      if(temp==3){
  22   3                              speed=100;
  23   3                      }
  24   2              }
  25   1      }
  26          void time0() interrupt 1{
  27   1              static unsigned int count,count1;
  28   1              TH0=0XFf;
  29   1              TL0=0Xa4;
  30   1              count++;
  31   1              count%=100;
  32   1              count1++;
  33   1              if(count<speed){
  34   2                      smotors_Start();
  35   2              }
  36   1              else
  37   1              {
  38   2                      smotors_Stop();
  39   2              }
  40   1              if(count1>=20){
  41   2                      count1=0;
  42   2                      xianshi_loop();
  43   2              }
  44   1      }
  45          
  46          void uartaccept() interrupt 4{
  47   1              unsigned char date=0;
  48   1              if(RI==1){
  49   2              RI=0;
  50   2              date=SBUF;
  51   2              temp=date;
  52   2              }
  53   1              }

C51 COMPILER V9.60.7.0   MAIN                                                              10/06/2024 12:03:06 PAGE 2   


MODULE INFORMATION:   STATIC OVERLAYABLE
   CODE SIZE        =    201    ----
   CONSTANT SIZE    =   ----    ----
   XDATA SIZE       =   ----    ----
   PDATA SIZE       =   ----    ----
   DATA SIZE        =      8    ----
   IDATA SIZE       =   ----    ----
   BIT SIZE         =   ----    ----
END OF MODULE INFORMATION.


C51 COMPILATION COMPLETE.  0 WARNING(S),  0 ERROR(S)
