C51 COMPILER V9.60.7.0   UART                                                              10/06/2024 11:44:09 PAGE 1   


C51 COMPILER V9.60.7.0, COMPILATION OF MODULE UART
OBJECT MODULE PLACED IN .\Objects\UART.obj
COMPILER INVOKED BY: D:\keil5\C51\BIN\C51.EXE UART.c OPTIMIZE(8,SPEED) BROWSE DEBUG OBJECTEXTEND PRINT(.\Listings\UART.l
                    -st) OBJECT(.\Objects\UART.obj)

line level    source

   1          #include "UART.h"
   2          void uart_Init(){ //11.0592mhz
   3   1                      TMOD&=0x0F;
   4   1                      TMOD|=0x20;
   5   1                      SCON=0x50;
   6   1                      PCON=0x80;
   7   1                      TH1=0xFA;
   8   1                      TL1=0xFA;
   9   1                      TR1=1;
  10   1                      ET1=1;//关闭定时器中断 若开启会与串口中断冲突
  11   1                      PT1=0;
  12   1                      PS=1;
  13   1                      EA=1;
  14   1                      ES=1;
  15   1      }
  16          void uartsend(unsigned char date){ //传送数据
  17   1              SBUF=date;
  18   1              while(TI==0);
  19   1              TI=0;
  20   1      }


MODULE INFORMATION:   STATIC OVERLAYABLE
   CODE SIZE        =     39    ----
   CONSTANT SIZE    =   ----    ----
   XDATA SIZE       =   ----    ----
   PDATA SIZE       =   ----    ----
   DATA SIZE        =   ----    ----
   IDATA SIZE       =   ----    ----
   BIT SIZE         =   ----    ----
END OF MODULE INFORMATION.


C51 COMPILATION COMPLETE.  0 WARNING(S),  0 ERROR(S)
