C51 COMPILER V9.60.7.0   MAIN                                                              09/29/2024 22:18:33 PAGE 1   


C51 COMPILER V9.60.7.0, COMPILATION OF MODULE MAIN
OBJECT MODULE PLACED IN .\Objects\main.obj
COMPILER INVOKED BY: D:\keil5\C51\BIN\C51.EXE main.c OPTIMIZE(8,SPEED) BROWSE DEBUG OBJECTEXTEND PRINT(.\Listings\main.l
                    -st) TABS(2) OBJECT(.\Objects\main.obj)

line level    source

   1          #include "smotore.h"
   2          #include "xianshi.h"
   3          #include "time0.h"
   4          #include "xpt2046.h"
   5          #include "LCD1602.h"
   6          unsigned char temp;
   7          unsigned char  num1;
   8          void main()
   9          {
  10   1        time0_Init();
  11   1        while(1){
  12   2        num1=xpt2046_ReadByte(0x94);
  13   2          xianshi_0(1,num1/100);
  14   2          xianshi_0(2,num1/10%10);
  15   2          xianshi_0(3,num1%10);
  16   2          if(num1>=0&&num1<50){
  17   3            temp=0;
  18   3          }
  19   2          else if(num1>=50&&num1<150){
  20   3          temp=30;
  21   3          }
  22   2          else if(num1>=150&&temp<200){
  23   3            temp=60;
  24   3          }
  25   2          else if(num1>=200&&num1<260){
  26   3            temp=100;
  27   3          }
  28   2        }
  29   1      }
  30          void time0() interrupt 1{
  31   1        static unsigned int count,count1;
  32   1        TH0=0XFC;
  33   1        TL0=0XA4;
  34   1        count++;
  35   1        count1++;
  36   1        count1%=100;
  37   1        if(count>=2){
  38   2        count=0;
  39   2          xianshi_loop();
  40   2        }
  41   1        if(count1<temp){
  42   2          smotors_Start();
  43   2        }
  44   1        else
  45   1        {
  46   2          smotors_Stop();
  47   2        }
  48   1      }


MODULE INFORMATION:   STATIC OVERLAYABLE
   CODE SIZE        =    259    ----
   CONSTANT SIZE    =   ----    ----
   XDATA SIZE       =   ----    ----
C51 COMPILER V9.60.7.0   MAIN                                                              09/29/2024 22:18:33 PAGE 2   

   PDATA SIZE       =   ----    ----
   DATA SIZE        =      6    ----
   IDATA SIZE       =   ----    ----
   BIT SIZE         =   ----    ----
END OF MODULE INFORMATION.


C51 COMPILATION COMPLETE.  0 WARNING(S),  0 ERROR(S)
