C51 COMPILER V9.60.7.0   MAIN                                                              09/28/2024 20:04:10 PAGE 1   


C51 COMPILER V9.60.7.0, COMPILATION OF MODULE MAIN
OBJECT MODULE PLACED IN .\Objects\main.obj
COMPILER INVOKED BY: D:\keil5\C51\BIN\C51.EXE main.c OPTIMIZE(8,SPEED) BROWSE DEBUG OBJECTEXTEND PRINT(.\Listings\main.l
                    -st) TABS(2) OBJECT(.\Objects\main.obj)

line level    source

   1          #include "time0.h"
   2          #include "smotore.h"
   3          void delay(unsigned char num){
   4   1        unsigned char i=2,j=199;
   5   1        while(num--){
   6   2        do{
   7   3          while(--j);
   8   3        }while(--i);
   9   2        }
  10   1      }
  11          unsigned char count,i,temp;
  12          void main(){
  13   1        time0_Init();
  14   1        while(1){
  15   2          for(i=0;i<100;i++){
  16   3            temp=i;
  17   3            delay(1);
  18   3          }
  19   2          for(i=99;i>=0;i--){
  20   3            temp=i;
  21   3            delay(1);
  22   3          }
  23   2        }
  24   1      }
  25          void time0() interrupt 1{
  26   1        TH0=0XFf;
  27   1        TL0=0Xa4;
  28   1        count++;
  29   1        count%=100;
  30   1        if(count<=temp){
  31   2        smotors_Start();
  32   2        }
  33   1        else
  34   1        {
  35   2        smotors_Stop();
  36   2        }
  37   1      }


MODULE INFORMATION:   STATIC OVERLAYABLE
   CODE SIZE        =    150    ----
   CONSTANT SIZE    =   ----    ----
   XDATA SIZE       =   ----    ----
   PDATA SIZE       =   ----    ----
   DATA SIZE        =      3    ----
   IDATA SIZE       =   ----    ----
   BIT SIZE         =   ----    ----
END OF MODULE INFORMATION.


C51 COMPILATION COMPLETE.  0 WARNING(S),  0 ERROR(S)
