C51 COMPILER V9.60.7.0   SMOTORS                                                           09/28/2024 19:56:25 PAGE 1   


C51 COMPILER V9.60.7.0, COMPILATION OF MODULE SMOTORS
OBJECT MODULE PLACED IN .\Objects\smotors.obj
COMPILER INVOKED BY: D:\keil5\C51\BIN\C51.EXE smotors.c OPTIMIZE(8,SPEED) BROWSE DEBUG OBJECTEXTEND PRINT(.\Listings\smo
                    -tors.lst) TABS(2) OBJECT(.\Objects\smotors.obj)

line level    source

   1          #include "smotore.h"
   2          void smotors_Start(){
   3   1        DA=1;IN2=1;IN3=1;IN4=1;
   4   1      }
   5          void smotors_Stop(){
   6   1        DA=0;IN2=1;IN3=1;IN4=1;
   7   1      }


MODULE INFORMATION:   STATIC OVERLAYABLE
   CODE SIZE        =     18    ----
   CONSTANT SIZE    =   ----    ----
   XDATA SIZE       =   ----    ----
   PDATA SIZE       =   ----    ----
   DATA SIZE        =   ----    ----
   IDATA SIZE       =   ----    ----
   BIT SIZE         =   ----    ----
END OF MODULE INFORMATION.


C51 COMPILATION COMPLETE.  0 WARNING(S),  0 ERROR(S)
